94
0 65
1 80
2 42
3 66
4 19
5 79
6 9
7 49
8 33
9 76
10 13
11 87
12 56
13 8
14 56
15 7
16 54
17 60
18 67
19 91
20 44
21 35
22 50
23 9
24 77
25 54
26 41
27 2
28 68
29 75
30 10
31 2
32 60
33 38
34 9
35 40
36 20
37 55
38 8
39 64
40 74
41 16
42 48
43 21
44 57
45 13
46 68
47 81
48 20
49 72
50 57
51 62
52 90
53 94
54 30
55 91
56 79
57 87
58 84
59 24
60 5
61 80
62 4
63 71
64 6
65 83
66 85
67 24
68 70
69 88
70 41
71 28
72 33
73 6
74 32
75 83
76 55
77 85
78 31
79 58
80 26
81 43
82 46
83 19
84 21
85 73
86 89
87 53
88 65
89 4
90 93
91 36
92 21
93 3
94 8
95 65
96 15
97 5
98 12
99 76
100 20
101 19
102 17
103 34
104 57
105 42
106 37
107 80
108 62
109 21
110 27
111 65
112 92
113 43
114 78
115 51
116 6
117 4
118 12
119 56
120 18
121 50
122 85
123 37
124 70
125 28
126 12
127 25
128 51
129 15
130 10
131 64
132 52
133 1
134 82
135 3
136 64
137 3
138 24
139 15
140 26
141 22
142 39
143 46
144 11
145 1
146 33
147 57
148 20
149 17
150 39
151 7
152 54
153 36
154 8
155 28
156 87
157 69
158 75
159 59
160 18
161 51
162 5
163 36
164 64
165 10
166 19
167 31
168 29
169 86
170 92
171 61
172 69
173 72
174 25
175 41
176 14
177 84
178 28
179 25
180 16
181 78
182 16
183 6
184 4
185 34
186 25
187 44
188 56
189 24
190 15
191 77
192 11
193 69
194 32
195 72
196 26
197 9
198 14
199 34
200 58
201 1
202 23
203 46
204 50
205 46
206 43
207 13
208 74
209 83
210 52
211 68
212 81
213 19
214 86
215 17
216 47
217 92
218 39
219 2
220 44
221 61
222 55
223 53
224 1
225 10
226 3
227 16
228 62
229 63
230 55
231 40
232 50
233 10
234 47
235 78
236 39
237 31
238 5
239 2
240 35
241 40
242 72
243 17
244 35
245 87
246 22
247 63
248 75
249 17
250 49
251 32
252 15
253 71
254 27
255 76
256 52
257 84
258 37
259 62
260 42
261 24
262 3
263 7
264 4
265 76
266 42
267 89
268 2
269 13
270 32
271 72
272 81
273 10
274 80
275 22
276 67
277 29
278 61
279 18
280 58
281 29
282 64
283 45
284 27
285 42
286 49
287 33
288 67
289 79
290 45
291 53
292 5
293 73
294 44
295 14
296 43
297 77
298 47
299 12
300 74
301 11
302 16
303 48
304 37
305 14
306 41
307 7
308 49
309 29
310 71
311 46
312 13
313 27
314 66
315 48
316 43
317 78
318 64
319 14
320 73
321 38
322 30
323 54
324 60
325 94
326 63
327 54
328 7
329 59
330 53
331 82
332 39
333 58
334 36
335 31
336 22
337 23
338 68
339 11
340 1
341 18
342 18
343 17
344 93
345 59
346 60
347 45
348 23
349 73
350 27
351 11
352 59
353 31
354 51
355 25
356 8
357 69
358 34
359 20
360 82
361 76
362 75
363 81
364 48
365 66
366 9
367 21
368 22
369 89
370 34
371 88
372 91
373 24
374 61
375 35
376 70
377 36
378 20
379 47
380 30
381 45
382 40
383 70
384 40
385 26
386 38
387 6
388 67
389 30
390 37
391 38
392 57
393 32
394 69
395 52
396 23
397 49
398 88
399 22
